# JRE version: Java(TM) SE Runtime Environment (8.0_131-b11) (build 1.8.0_131-b11)
# Java VM: Java HotSpot(TM) 64-Bit Server VM (25.131-b11 mixed mode windows-amd64 compressed oops)
Heap:
 PSYoungGen      total 162304K, used 32487K [0x00000000e0000000, 0x00000000eb100000, 0x0000000100000000)
  eden space 150016K, 21% used [0x00000000e0000000,0x00000000e1fb9e68,0x00000000e9280000)
  from space 12288K, 0% used [0x00000000ea100000,0x00000000ea100000,0x00000000ead00000)
  to   space 14848K, 0% used [0x00000000e9280000,0x00000000e9280000,0x00000000ea100000)
 ParOldGen       total 136704K, used 20251K [0x00000000a0000000, 0x00000000a8580000, 0x00000000e0000000)
  object space 136704K, 14% used [0x00000000a0000000,0x00000000a13c6c80,0x00000000a8580000)
 Metaspace       used 38912K, capacity 39676K, committed 39984K, reserved 1083392K
  class space    used 5420K, capacity 5640K, committed 5680K, reserved 1048576K
GC Heap History (10 events):
Event: 3.365 GC heap before
{Heap before GC invocations=4 (full 0):
 PSYoungGen      total 57344K, used 31196K [0x00000000e0000000, 0x00000000e7000000, 0x0000000100000000)
  eden space 49152K, 46% used [0x00000000e0000000,0x00000000e167b7e0,0x00000000e3000000)
  from space 8192K, 99% used [0x00000000e3000000,0x00000000e37fb820,0x00000000e3800000)
  to   space 8192K, 0% used [0x00000000e6800000,0x00000000e6800000,0x00000000e7000000)
 ParOldGen       total 131072K, used 1511K [0x00000000a0000000, 0x00000000a8000000, 0x00000000e0000000)
  object space 131072K, 1% used [0x00000000a0000000,0x00000000a0179e10,0x00000000a8000000)
 Metaspace       used 20786K, capacity 21116K, committed 21296K, reserved 1067008K
  class space    used 2954K, capacity 3104K, committed 3120K, reserved 1048576K
Event: 3.378 GC heap after
Heap after GC invocations=4 (full 0):
 PSYoungGen      total 106496K, used 8172K [0x00000000e0000000, 0x00000000e7000000, 0x0000000100000000)
  eden space 98304K, 0% used [0x00000000e0000000,0x00000000e0000000,0x00000000e6000000)
  from space 8192K, 99% used [0x00000000e6800000,0x00000000e6ffb3f0,0x00000000e7000000)
  to   space 8192K, 0% used [0x00000000e6000000,0x00000000e6000000,0x00000000e6800000)
 ParOldGen       total 131072K, used 2489K [0x00000000a0000000, 0x00000000a8000000, 0x00000000e0000000)
  object space 131072K, 1% used [0x00000000a0000000,0x00000000a026e5f8,0x00000000a8000000)
 Metaspace       used 20786K, capacity 21116K, committed 21296K, reserved 1067008K
  class space    used 2954K, capacity 3104K, committed 3120K, reserved 1048576K
}
Event: 3.378 GC heap before
{Heap before GC invocations=5 (full 1):
 PSYoungGen      total 106496K, used 8172K [0x00000000e0000000, 0x00000000e7000000, 0x0000000100000000)
  eden space 98304K, 0% used [0x00000000e0000000,0x00000000e0000000,0x00000000e6000000)
  from space 8192K, 99% used [0x00000000e6800000,0x00000000e6ffb3f0,0x00000000e7000000)
  to   space 8192K, 0% used [0x00000000e6000000,0x00000000e6000000,0x00000000e6800000)
 ParOldGen       total 131072K, used 2489K [0x00000000a0000000, 0x00000000a8000000, 0x00000000e0000000)
  object space 131072K, 1% used [0x00000000a0000000,0x00000000a026e5f8,0x00000000a8000000)
 Metaspace       used 20786K, capacity 21116K, committed 21296K, reserved 1067008K
  class space    used 2954K, capacity 3104K, committed 3120K, reserved 1048576K
Event: 3.423 GC heap after
Heap after GC invocations=5 (full 1):
 PSYoungGen      total 106496K, used 0K [0x00000000e0000000, 0x00000000e7000000, 0x0000000100000000)
  eden space 98304K, 0% used [0x00000000e0000000,0x00000000e0000000,0x00000000e6000000)
  from space 8192K, 0% used [0x00000000e6800000,0x00000000e6800000,0x00000000e7000000)
  to   space 8192K, 0% used [0x00000000e6000000,0x00000000e6000000,0x00000000e6800000)
 ParOldGen       total 80896K, used 8944K [0x00000000a0000000, 0x00000000a4f00000, 0x00000000e0000000)
  object space 80896K, 11% used [0x00000000a0000000,0x00000000a08bc0a0,0x00000000a4f00000)
 Metaspace       used 20786K, capacity 21116K, committed 21296K, reserved 1067008K
  class space    used 2954K, capacity 3104K, committed 3120K, reserved 1048576K
}
Event: 4.823 GC heap before
{Heap before GC invocations=6 (full 1):
 PSYoungGen      total 106496K, used 98304K [0x00000000e0000000, 0x00000000e7000000, 0x0000000100000000)
  eden space 98304K, 100% used [0x00000000e0000000,0x00000000e6000000,0x00000000e6000000)
  from space 8192K, 0% used [0x00000000e6800000,0x00000000e6800000,0x00000000e7000000)
  to   space 8192K, 0% used [0x00000000e6000000,0x00000000e6000000,0x00000000e6800000)
 ParOldGen       total 80896K, used 8944K [0x00000000a0000000, 0x00000000a4f00000, 0x00000000e0000000)
  object space 80896K, 11% used [0x00000000a0000000,0x00000000a08bc0a0,0x00000000a4f00000)
 Metaspace       used 29395K, capacity 29828K, committed 30256K, reserved 1075200K
  class space    used 4086K, capacity 4275K, committed 4400K, reserved 1048576K
Event: 4.839 GC heap after
Heap after GC invocations=6 (full 1):
 PSYoungGen      total 106496K, used 8185K [0x00000000e0000000, 0x00000000ead00000, 0x0000000100000000)
  eden space 98304K, 0% used [0x00000000e0000000,0x00000000e0000000,0x00000000e6000000)
  from space 8192K, 99% used [0x00000000e6000000,0x00000000e67fe7d0,0x00000000e6800000)
  to   space 12288K, 0% used [0x00000000ea100000,0x00000000ea100000,0x00000000ead00000)
 ParOldGen       total 80896K, used 10725K [0x00000000a0000000, 0x00000000a4f00000, 0x00000000e0000000)
  object space 80896K, 13% used [0x00000000a0000000,0x00000000a0a79598,0x00000000a4f00000)
 Metaspace       used 29395K, capacity 29828K, committed 30256K, reserved 1075200K
  class space    used 4086K, capacity 4275K, committed 4400K, reserved 1048576K
}
Event: 6.267 GC heap before
{Heap before GC invocations=7 (full 1):
 PSYoungGen      total 106496K, used 96741K [0x00000000e0000000, 0x00000000ead00000, 0x0000000100000000)
  eden space 98304K, 90% used [0x00000000e0000000,0x00000000e567ac78,0x00000000e6000000)
  from space 8192K, 99% used [0x00000000e6000000,0x00000000e67fe7d0,0x00000000e6800000)
  to   space 12288K, 0% used [0x00000000ea100000,0x00000000ea100000,0x00000000ead00000)
 ParOldGen       total 80896K, used 10725K [0x00000000a0000000, 0x00000000a4f00000, 0x00000000e0000000)
  object space 80896K, 13% used [0x00000000a0000000,0x00000000a0a79598,0x00000000a4f00000)
 Metaspace       used 34640K, capacity 35318K, committed 35496K, reserved 1079296K
  class space    used 4876K, capacity 5106K, committed 5168K, reserved 1048576K
Event: 6.287 GC heap after
Heap after GC invocations=7 (full 1):
 PSYoungGen      total 162304K, used 12276K [0x00000000e0000000, 0x00000000eb100000, 0x0000000100000000)
  eden space 150016K, 0% used [0x00000000e0000000,0x00000000e0000000,0x00000000e9280000)
  from space 12288K, 99% used [0x00000000ea100000,0x00000000eacfd1c0,0x00000000ead00000)
  to   space 14848K, 0% used [0x00000000e9280000,0x00000000e9280000,0x00000000ea100000)
 ParOldGen       total 80896K, used 12250K [0x00000000a0000000, 0x00000000a4f00000, 0x00000000e0000000)
  object space 80896K, 15% used [0x00000000a0000000,0x00000000a0bf69c8,0x00000000a4f00000)
 Metaspace       used 34640K, capacity 35318K, committed 35496K, reserved 1079296K
  class space    used 4876K, capacity 5106K, committed 5168K, reserved 1048576K
}
Event: 6.287 GC heap before
{Heap before GC invocations=8 (full 2):
 PSYoungGen      total 162304K, used 12276K [0x00000000e0000000, 0x00000000eb100000, 0x0000000100000000)
  eden space 150016K, 0% used [0x00000000e0000000,0x00000000e0000000,0x00000000e9280000)
  from space 12288K, 99% used [0x00000000ea100000,0x00000000eacfd1c0,0x00000000ead00000)
  to   space 14848K, 0% used [0x00000000e9280000,0x00000000e9280000,0x00000000ea100000)
 ParOldGen       total 80896K, used 12250K [0x00000000a0000000, 0x00000000a4f00000, 0x00000000e0000000)
  object space 80896K, 15% used [0x00000000a0000000,0x00000000a0bf69c8,0x00000000a4f00000)
 Metaspace       used 34640K, capacity 35318K, committed 35496K, reserved 1079296K
  class space    used 4876K, capacity 5106K, committed 5168K, reserved 1048576K
Event: 6.397 GC heap after
Heap after GC invocations=8 (full 2):
 PSYoungGen      total 162304K, used 0K [0x00000000e0000000, 0x00000000eb100000, 0x0000000100000000)
  eden space 150016K, 0% used [0x00000000e0000000,0x00000000e0000000,0x00000000e9280000)
  from space 12288K, 0% used [0x00000000ea100000,0x00000000ea100000,0x00000000ead00000)
  to   space 14848K, 0% used [0x00000000e9280000,0x00000000e9280000,0x00000000ea100000)
 ParOldGen       total 136704K, used 20251K [0x00000000a0000000, 0x00000000a8580000, 0x00000000e0000000)
  object space 136704K, 14% used [0x00000000a0000000,0x00000000a13c6c80,0x00000000a8580000)
 Metaspace       used 34634K, capacity 35300K, committed 35496K, reserved 1079296K
  class space    used 4874K, capacity 5103K, committed 5168K, reserved 1048576K
}

