# JRE version: Java(TM) SE Runtime Environment (8.0_131-b11) (build 1.8.0_131-b11)
# Java VM: Java HotSpot(TM) 64-Bit Server VM (25.131-b11 mixed mode windows-amd64 compressed oops)
Heap:
 PSYoungGen      total 157696K, used 2748K [0x00000000e0000000, 0x00000000eaf80000, 0x0000000100000000)
  eden space 145408K, 1% used [0x00000000e0000000,0x00000000e02af348,0x00000000e8e00000)
  from space 12288K, 0% used [0x00000000e9c80000,0x00000000e9c80000,0x00000000ea880000)
  to   space 14848K, 0% used [0x00000000e8e00000,0x00000000e8e00000,0x00000000e9c80000)
 ParOldGen       total 142336K, used 20263K [0x00000000a0000000, 0x00000000a8b00000, 0x00000000e0000000)
  object space 142336K, 14% used [0x00000000a0000000,0x00000000a13c9ea8,0x00000000a8b00000)
 Metaspace       used 34750K, capacity 35392K, committed 35752K, reserved 1079296K
  class space    used 4893K, capacity 5135K, committed 5168K, reserved 1048576K
GC Heap History (10 events):
Event: 3.640 GC heap before
{Heap before GC invocations=4 (full 0):
 PSYoungGen      total 57344K, used 31741K [0x00000000e0000000, 0x00000000e7000000, 0x0000000100000000)
  eden space 49152K, 47% used [0x00000000e0000000,0x00000000e16ffed8,0x00000000e3000000)
  from space 8192K, 99% used [0x00000000e3000000,0x00000000e37ff800,0x00000000e3800000)
  to   space 8192K, 0% used [0x00000000e6800000,0x00000000e6800000,0x00000000e7000000)
 ParOldGen       total 131072K, used 1410K [0x00000000a0000000, 0x00000000a8000000, 0x00000000e0000000)
  object space 131072K, 1% used [0x00000000a0000000,0x00000000a0160bb0,0x00000000a8000000)
 Metaspace       used 20792K, capacity 21116K, committed 21296K, reserved 1067008K
  class space    used 2954K, capacity 3104K, committed 3120K, reserved 1048576K
Event: 3.652 GC heap after
Heap after GC invocations=4 (full 0):
 PSYoungGen      total 106496K, used 8172K [0x00000000e0000000, 0x00000000e7000000, 0x0000000100000000)
  eden space 98304K, 0% used [0x00000000e0000000,0x00000000e0000000,0x00000000e6000000)
  from space 8192K, 99% used [0x00000000e6800000,0x00000000e6ffb388,0x00000000e7000000)
  to   space 8192K, 0% used [0x00000000e6000000,0x00000000e6000000,0x00000000e6800000)
 ParOldGen       total 131072K, used 2418K [0x00000000a0000000, 0x00000000a8000000, 0x00000000e0000000)
  object space 131072K, 1% used [0x00000000a0000000,0x00000000a025ca50,0x00000000a8000000)
 Metaspace       used 20792K, capacity 21116K, committed 21296K, reserved 1067008K
  class space    used 2954K, capacity 3104K, committed 3120K, reserved 1048576K
}
Event: 3.652 GC heap before
{Heap before GC invocations=5 (full 1):
 PSYoungGen      total 106496K, used 8172K [0x00000000e0000000, 0x00000000e7000000, 0x0000000100000000)
  eden space 98304K, 0% used [0x00000000e0000000,0x00000000e0000000,0x00000000e6000000)
  from space 8192K, 99% used [0x00000000e6800000,0x00000000e6ffb388,0x00000000e7000000)
  to   space 8192K, 0% used [0x00000000e6000000,0x00000000e6000000,0x00000000e6800000)
 ParOldGen       total 131072K, used 2418K [0x00000000a0000000, 0x00000000a8000000, 0x00000000e0000000)
  object space 131072K, 1% used [0x00000000a0000000,0x00000000a025ca50,0x00000000a8000000)
 Metaspace       used 20792K, capacity 21116K, committed 21296K, reserved 1067008K
  class space    used 2954K, capacity 3104K, committed 3120K, reserved 1048576K
Event: 3.700 GC heap after
Heap after GC invocations=5 (full 1):
 PSYoungGen      total 106496K, used 0K [0x00000000e0000000, 0x00000000e7000000, 0x0000000100000000)
  eden space 98304K, 0% used [0x00000000e0000000,0x00000000e0000000,0x00000000e6000000)
  from space 8192K, 0% used [0x00000000e6800000,0x00000000e6800000,0x00000000e7000000)
  to   space 8192K, 0% used [0x00000000e6000000,0x00000000e6000000,0x00000000e6800000)
 ParOldGen       total 82432K, used 9017K [0x00000000a0000000, 0x00000000a5080000, 0x00000000e0000000)
  object space 82432K, 10% used [0x00000000a0000000,0x00000000a08ce568,0x00000000a5080000)
 Metaspace       used 20792K, capacity 21116K, committed 21296K, reserved 1067008K
  class space    used 2954K, capacity 3104K, committed 3120K, reserved 1048576K
}
Event: 5.189 GC heap before
{Heap before GC invocations=6 (full 1):
 PSYoungGen      total 106496K, used 98304K [0x00000000e0000000, 0x00000000e7000000, 0x0000000100000000)
  eden space 98304K, 100% used [0x00000000e0000000,0x00000000e6000000,0x00000000e6000000)
  from space 8192K, 0% used [0x00000000e6800000,0x00000000e6800000,0x00000000e7000000)
  to   space 8192K, 0% used [0x00000000e6000000,0x00000000e6000000,0x00000000e6800000)
 ParOldGen       total 82432K, used 9017K [0x00000000a0000000, 0x00000000a5080000, 0x00000000e0000000)
  object space 82432K, 10% used [0x00000000a0000000,0x00000000a08ce568,0x00000000a5080000)
 Metaspace       used 29427K, capacity 29828K, committed 30256K, reserved 1075200K
  class space    used 4087K, capacity 4275K, committed 4400K, reserved 1048576K
Event: 5.200 GC heap after
Heap after GC invocations=6 (full 1):
 PSYoungGen      total 106496K, used 8184K [0x00000000e0000000, 0x00000000ea880000, 0x0000000100000000)
  eden space 98304K, 0% used [0x00000000e0000000,0x00000000e0000000,0x00000000e6000000)
  from space 8192K, 99% used [0x00000000e6000000,0x00000000e67fe180,0x00000000e6800000)
  to   space 12288K, 0% used [0x00000000e9c80000,0x00000000e9c80000,0x00000000ea880000)
 ParOldGen       total 82432K, used 10768K [0x00000000a0000000, 0x00000000a5080000, 0x00000000e0000000)
  object space 82432K, 13% used [0x00000000a0000000,0x00000000a0a843b0,0x00000000a5080000)
 Metaspace       used 29427K, capacity 29828K, committed 30256K, reserved 1075200K
  class space    used 4087K, capacity 4275K, committed 4400K, reserved 1048576K
}
Event: 6.687 GC heap before
{Heap before GC invocations=7 (full 1):
 PSYoungGen      total 106496K, used 98122K [0x00000000e0000000, 0x00000000ea880000, 0x0000000100000000)
  eden space 98304K, 91% used [0x00000000e0000000,0x00000000e57d4918,0x00000000e6000000)
  from space 8192K, 99% used [0x00000000e6000000,0x00000000e67fe180,0x00000000e6800000)
  to   space 12288K, 0% used [0x00000000e9c80000,0x00000000e9c80000,0x00000000ea880000)
 ParOldGen       total 82432K, used 10768K [0x00000000a0000000, 0x00000000a5080000, 0x00000000e0000000)
  object space 82432K, 13% used [0x00000000a0000000,0x00000000a0a843b0,0x00000000a5080000)
 Metaspace       used 34708K, capacity 35338K, committed 35496K, reserved 1079296K
  class space    used 4883K, capacity 5110K, committed 5168K, reserved 1048576K
Event: 6.714 GC heap after
Heap after GC invocations=7 (full 1):
 PSYoungGen      total 157696K, used 12257K [0x00000000e0000000, 0x00000000eaf80000, 0x0000000100000000)
  eden space 145408K, 0% used [0x00000000e0000000,0x00000000e0000000,0x00000000e8e00000)
  from space 12288K, 99% used [0x00000000e9c80000,0x00000000ea878728,0x00000000ea880000)
  to   space 14848K, 0% used [0x00000000e8e00000,0x00000000e8e00000,0x00000000e9c80000)
 ParOldGen       total 82432K, used 12285K [0x00000000a0000000, 0x00000000a5080000, 0x00000000e0000000)
  object space 82432K, 14% used [0x00000000a0000000,0x00000000a0bff7e8,0x00000000a5080000)
 Metaspace       used 34708K, capacity 35338K, committed 35496K, reserved 1079296K
  class space    used 4883K, capacity 5110K, committed 5168K, reserved 1048576K
}
Event: 6.714 GC heap before
{Heap before GC invocations=8 (full 2):
 PSYoungGen      total 157696K, used 12257K [0x00000000e0000000, 0x00000000eaf80000, 0x0000000100000000)
  eden space 145408K, 0% used [0x00000000e0000000,0x00000000e0000000,0x00000000e8e00000)
  from space 12288K, 99% used [0x00000000e9c80000,0x00000000ea878728,0x00000000ea880000)
  to   space 14848K, 0% used [0x00000000e8e00000,0x00000000e8e00000,0x00000000e9c80000)
 ParOldGen       total 82432K, used 12285K [0x00000000a0000000, 0x00000000a5080000, 0x00000000e0000000)
  object space 82432K, 14% used [0x00000000a0000000,0x00000000a0bff7e8,0x00000000a5080000)
 Metaspace       used 34708K, capacity 35338K, committed 35496K, reserved 1079296K
  class space    used 4883K, capacity 5110K, committed 5168K, reserved 1048576K
Event: 6.850 GC heap after
Heap after GC invocations=8 (full 2):
 PSYoungGen      total 157696K, used 0K [0x00000000e0000000, 0x00000000eaf80000, 0x0000000100000000)
  eden space 145408K, 0% used [0x00000000e0000000,0x00000000e0000000,0x00000000e8e00000)
  from space 12288K, 0% used [0x00000000e9c80000,0x00000000e9c80000,0x00000000ea880000)
  to   space 14848K, 0% used [0x00000000e8e00000,0x00000000e8e00000,0x00000000e9c80000)
 ParOldGen       total 142336K, used 20263K [0x00000000a0000000, 0x00000000a8b00000, 0x00000000e0000000)
  object space 142336K, 14% used [0x00000000a0000000,0x00000000a13c9ea8,0x00000000a8b00000)
 Metaspace       used 34696K, capacity 35296K, committed 35496K, reserved 1079296K
  class space    used 4879K, capacity 5103K, committed 5168K, reserved 1048576K
}

