# JRE version: Java(TM) SE Runtime Environment (8.0_131-b11) (build 1.8.0_131-b11)
# Java VM: Java HotSpot(TM) 64-Bit Server VM (25.131-b11 mixed mode windows-amd64 compressed oops)
Heap:
 PSYoungGen      total 464896K, used 398353K [0x00000000e0000000, 0x00000000ffe80000, 0x0000000100000000)
  eden space 409600K, 90% used [0x00000000e0000000,0x00000000f69e2970,0x00000000f9000000)
  from space 55296K, 50% used [0x00000000fc680000,0x00000000fe1a1be0,0x00000000ffc80000)
  to   space 55808K, 0% used [0x00000000f9000000,0x00000000f9000000,0x00000000fc680000)
 ParOldGen       total 306176K, used 234372K [0x00000000a0000000, 0x00000000b2b00000, 0x00000000e0000000)
  object space 306176K, 76% used [0x00000000a0000000,0x00000000ae4e1310,0x00000000b2b00000)
 Metaspace       used 114149K, capacity 118338K, committed 118552K, reserved 1153024K
  class space    used 14812K, capacity 15654K, committed 15664K, reserved 1048576K
GC Heap History (10 events):
Event: 83.232 GC heap before
{Heap before GC invocations=42 (full 4):
 PSYoungGen      total 459776K, used 412189K [0x00000000e0000000, 0x0000000100000000, 0x0000000100000000)
  eden space 395264K, 99% used [0x00000000e0000000,0x00000000f81a97a8,0x00000000f8200000)
  from space 64512K, 26% used [0x00000000f8200000,0x00000000f92dddc8,0x00000000fc100000)
  to   space 60928K, 0% used [0x00000000fc480000,0x00000000fc480000,0x0000000100000000)
 ParOldGen       total 306176K, used 226804K [0x00000000a0000000, 0x00000000b2b00000, 0x00000000e0000000)
  object space 306176K, 74% used [0x00000000a0000000,0x00000000add7d338,0x00000000b2b00000)
 Metaspace       used 85933K, capacity 88866K, committed 89240K, reserved 1126400K
  class space    used 11274K, capacity 11848K, committed 11952K, reserved 1048576K
Event: 83.262 GC heap after
Heap after GC invocations=42 (full 4):
 PSYoungGen      total 453120K, used 5544K [0x00000000e0000000, 0x00000000ff980000, 0x0000000100000000)
  eden space 398848K, 0% used [0x00000000e0000000,0x00000000e0000000,0x00000000f8580000)
  from space 54272K, 10% used [0x00000000fc480000,0x00000000fc9ea318,0x00000000ff980000)
  to   space 59392K, 0% used [0x00000000f8580000,0x00000000f8580000,0x00000000fbf80000)
 ParOldGen       total 306176K, used 226812K [0x00000000a0000000, 0x00000000b2b00000, 0x00000000e0000000)
  object space 306176K, 74% used [0x00000000a0000000,0x00000000add7f338,0x00000000b2b00000)
 Metaspace       used 85933K, capacity 88866K, committed 89240K, reserved 1126400K
  class space    used 11274K, capacity 11848K, committed 11952K, reserved 1048576K
}
Event: 83.391 GC heap before
{Heap before GC invocations=43 (full 4):
 PSYoungGen      total 453120K, used 403786K [0x00000000e0000000, 0x00000000ff980000, 0x0000000100000000)
  eden space 398848K, 99% used [0x00000000e0000000,0x00000000f84e8750,0x00000000f8580000)
  from space 54272K, 10% used [0x00000000fc480000,0x00000000fc9ea318,0x00000000ff980000)
  to   space 59392K, 0% used [0x00000000f8580000,0x00000000f8580000,0x00000000fbf80000)
 ParOldGen       total 306176K, used 226812K [0x00000000a0000000, 0x00000000b2b00000, 0x00000000e0000000)
  object space 306176K, 74% used [0x00000000a0000000,0x00000000add7f338,0x00000000b2b00000)
 Metaspace       used 85933K, capacity 88866K, committed 89240K, reserved 1126400K
  class space    used 11274K, capacity 11848K, committed 11952K, reserved 1048576K
Event: 83.400 GC heap after
Heap after GC invocations=43 (full 4):
 PSYoungGen      total 458240K, used 128K [0x00000000e0000000, 0x0000000100000000, 0x0000000100000000)
  eden space 398848K, 0% used [0x00000000e0000000,0x00000000e0000000,0x00000000f8580000)
  from space 59392K, 0% used [0x00000000f8580000,0x00000000f85a0000,0x00000000fbf80000)
  to   space 58880K, 0% used [0x00000000fc680000,0x00000000fc680000,0x0000000100000000)
 ParOldGen       total 306176K, used 232044K [0x00000000a0000000, 0x00000000b2b00000, 0x00000000e0000000)
  object space 306176K, 75% used [0x00000000a0000000,0x00000000ae29b300,0x00000000b2b00000)
 Metaspace       used 85933K, capacity 88866K, committed 89240K, reserved 1126400K
  class space    used 11274K, capacity 11848K, committed 11952K, reserved 1048576K
}
Event: 83.476 GC heap before
{Heap before GC invocations=44 (full 4):
 PSYoungGen      total 458240K, used 398069K [0x00000000e0000000, 0x0000000100000000, 0x0000000100000000)
  eden space 398848K, 99% used [0x00000000e0000000,0x00000000f849d4e0,0x00000000f8580000)
  from space 59392K, 0% used [0x00000000f8580000,0x00000000f85a0000,0x00000000fbf80000)
  to   space 58880K, 0% used [0x00000000fc680000,0x00000000fc680000,0x0000000100000000)
 ParOldGen       total 306176K, used 232044K [0x00000000a0000000, 0x00000000b2b00000, 0x00000000e0000000)
  object space 306176K, 75% used [0x00000000a0000000,0x00000000ae29b300,0x00000000b2b00000)
 Metaspace       used 85933K, capacity 88866K, committed 89240K, reserved 1126400K
  class space    used 11274K, capacity 11848K, committed 11952K, reserved 1048576K
Event: 83.481 GC heap after
Heap after GC invocations=44 (full 4):
 PSYoungGen      total 462336K, used 96K [0x00000000e0000000, 0x00000000ffd80000, 0x0000000100000000)
  eden space 406016K, 0% used [0x00000000e0000000,0x00000000e0000000,0x00000000f8c80000)
  from space 56320K, 0% used [0x00000000fc680000,0x00000000fc698000,0x00000000ffd80000)
  to   space 57856K, 0% used [0x00000000f8c80000,0x00000000f8c80000,0x00000000fc500000)
 ParOldGen       total 306176K, used 232092K [0x00000000a0000000, 0x00000000b2b00000, 0x00000000e0000000)
  object space 306176K, 75% used [0x00000000a0000000,0x00000000ae2a7300,0x00000000b2b00000)
 Metaspace       used 85933K, capacity 88866K, committed 89240K, reserved 1126400K
  class space    used 11274K, capacity 11848K, committed 11952K, reserved 1048576K
}
Event: 92.348 GC heap before
{Heap before GC invocations=45 (full 4):
 PSYoungGen      total 462336K, used 406112K [0x00000000e0000000, 0x00000000ffd80000, 0x0000000100000000)
  eden space 406016K, 100% used [0x00000000e0000000,0x00000000f8c80000,0x00000000f8c80000)
  from space 56320K, 0% used [0x00000000fc680000,0x00000000fc698000,0x00000000ffd80000)
  to   space 57856K, 0% used [0x00000000f8c80000,0x00000000f8c80000,0x00000000fc500000)
 ParOldGen       total 306176K, used 232092K [0x00000000a0000000, 0x00000000b2b00000, 0x00000000e0000000)
  object space 306176K, 75% used [0x00000000a0000000,0x00000000ae2a7300,0x00000000b2b00000)
 Metaspace       used 90561K, capacity 93536K, committed 93848K, reserved 1130496K
  class space    used 11828K, capacity 12423K, committed 12464K, reserved 1048576K
Event: 92.361 GC heap after
Heap after GC invocations=45 (full 4):
 PSYoungGen      total 463872K, used 6224K [0x00000000e0000000, 0x00000000ffc80000, 0x0000000100000000)
  eden space 406016K, 0% used [0x00000000e0000000,0x00000000e0000000,0x00000000f8c80000)
  from space 57856K, 10% used [0x00000000f8c80000,0x00000000f9294130,0x00000000fc500000)
  to   space 55296K, 0% used [0x00000000fc680000,0x00000000fc680000,0x00000000ffc80000)
 ParOldGen       total 306176K, used 232132K [0x00000000a0000000, 0x00000000b2b00000, 0x00000000e0000000)
  object space 306176K, 75% used [0x00000000a0000000,0x00000000ae2b1300,0x00000000b2b00000)
 Metaspace       used 90561K, capacity 93536K, committed 93848K, reserved 1130496K
  class space    used 11828K, capacity 12423K, committed 12464K, reserved 1048576K
}
Event: 107.730 GC heap before
{Heap before GC invocations=46 (full 4):
 PSYoungGen      total 463872K, used 412240K [0x00000000e0000000, 0x00000000ffc80000, 0x0000000100000000)
  eden space 406016K, 100% used [0x00000000e0000000,0x00000000f8c80000,0x00000000f8c80000)
  from space 57856K, 10% used [0x00000000f8c80000,0x00000000f9294130,0x00000000fc500000)
  to   space 55296K, 0% used [0x00000000fc680000,0x00000000fc680000,0x00000000ffc80000)
 ParOldGen       total 306176K, used 232132K [0x00000000a0000000, 0x00000000b2b00000, 0x00000000e0000000)
  object space 306176K, 75% used [0x00000000a0000000,0x00000000ae2b1300,0x00000000b2b00000)
 Metaspace       used 104845K, capacity 108417K, committed 108568K, reserved 1142784K
  class space    used 13508K, capacity 14259K, committed 14384K, reserved 1048576K
Event: 107.754 GC heap after
Heap after GC invocations=46 (full 4):
 PSYoungGen      total 464896K, used 27782K [0x00000000e0000000, 0x00000000ffe80000, 0x0000000100000000)
  eden space 409600K, 0% used [0x00000000e0000000,0x00000000e0000000,0x00000000f9000000)
  from space 55296K, 50% used [0x00000000fc680000,0x00000000fe1a1be0,0x00000000ffc80000)
  to   space 55808K, 0% used [0x00000000f9000000,0x00000000f9000000,0x00000000fc680000)
 ParOldGen       total 306176K, used 234372K [0x00000000a0000000, 0x00000000b2b00000, 0x00000000e0000000)
  object space 306176K, 76% used [0x00000000a0000000,0x00000000ae4e1310,0x00000000b2b00000)
 Metaspace       used 104845K, capacity 108417K, committed 108568K, reserved 1142784K
  class space    used 13508K, capacity 14259K, committed 14384K, reserved 1048576K
}

